2020-03-27 02:47:01.747  INFO 5396 --- [main] t.e.spring.GestionLocationApplication    : Starting GestionLocationApplication on hajjej-PC with PID 5396 (C:\Users\hajjej\Documents\workspace-sts-3.8.4.RELEASE\gestion-location\target\classes started by hajjej in C:\Users\hajjej\Documents\workspace-sts-3.8.4.RELEASE\gestion-location)
2020-03-27 02:47:01.838  INFO 5396 --- [main] t.e.spring.GestionLocationApplication    : No active profile set, falling back to default profiles: default
2020-03-27 02:47:24.708  INFO 5396 --- [main] .s.d.r.c.RepositoryConfigurationDelegate : Bootstrapping Spring Data JPA repositories in DEFAULT mode.
2020-03-27 02:47:25.170  INFO 5396 --- [main] .s.d.r.c.RepositoryConfigurationDelegate : Finished Spring Data repository scanning in 263ms. Found 0 JPA repository interfaces.
2020-03-27 02:47:41.211  INFO 5396 --- [main] o.s.b.w.embedded.tomcat.TomcatWebServer  : Tomcat initialized with port(s): 8081 (http)
2020-03-27 02:47:41.494  INFO 5396 --- [main] o.apache.catalina.core.StandardService   : Starting service [Tomcat]
2020-03-27 02:47:41.497  INFO 5396 --- [main] org.apache.catalina.core.StandardEngine  : Starting Servlet engine: [Apache Tomcat/9.0.31]
2020-03-27 02:47:44.089  INFO 5396 --- [main] o.a.c.c.C.[Tomcat].[localhost].[/]       : Initializing Spring embedded WebApplicationContext
2020-03-27 02:47:44.092  INFO 5396 --- [main] o.s.web.context.ContextLoader            : Root WebApplicationContext: initialization completed in 38850 ms
2020-03-27 02:47:49.442  INFO 5396 --- [main] o.hibernate.jpa.internal.util.LogHelper  : HHH000204: Processing PersistenceUnitInfo [name: default]
2020-03-27 02:47:51.439  INFO 5396 --- [main] org.hibernate.Version                    : HHH000412: Hibernate ORM core version 5.4.12.Final
2020-03-27 02:47:54.411  INFO 5396 --- [main] o.hibernate.annotations.common.Version   : HCANN000001: Hibernate Commons Annotations {5.1.0.Final}
2020-03-27 02:47:57.246  INFO 5396 --- [main] com.zaxxer.hikari.HikariDataSource       : HikariPool-1 - Starting...
2020-03-27 02:48:02.633  INFO 5396 --- [main] com.zaxxer.hikari.HikariDataSource       : HikariPool-1 - Start completed.
2020-03-27 02:48:04.787  INFO 5396 --- [main] org.hibernate.dialect.Dialect            : HHH000400: Using dialect: org.hibernate.dialect.MySQL5InnoDBDialect
2020-03-27 02:48:23.846  INFO 5396 --- [main] o.h.e.t.j.p.i.JtaPlatformInitiator       : HHH000490: Using JtaPlatform implementation: [org.hibernate.engine.transaction.jta.platform.internal.NoJtaPlatform]
2020-03-27 02:48:23.970  INFO 5396 --- [main] j.LocalContainerEntityManagerFactoryBean : Initialized JPA EntityManagerFactory for persistence unit 'default'
2020-03-27 02:48:36.107  INFO 5396 --- [main] o.s.s.concurrent.ThreadPoolTaskExecutor  : Initializing ExecutorService 'applicationTaskExecutor'
2020-03-27 02:48:39.887  WARN 5396 --- [main] ion$DefaultTemplateResolverConfiguration : Cannot find template location: classpath:/templates/ (please add some templates or check your Thymeleaf configuration)
2020-03-27 02:48:42.647  INFO 5396 --- [main] o.s.b.w.embedded.tomcat.TomcatWebServer  : Tomcat started on port(s): 8081 (http) with context path ''
2020-03-27 02:48:42.765  INFO 5396 --- [main] t.e.spring.GestionLocationApplication    : Started GestionLocationApplication in 144.712 seconds (JVM running for 175.234)
2020-03-27 02:56:18.785  INFO 8936 --- [main] t.e.spring.GestionLocationApplication    : Starting GestionLocationApplication on hajjej-PC with PID 8936 (C:\Users\hajjej\Documents\workspace-sts-3.8.4.RELEASE\gestion-location\target\classes started by hajjej in C:\Users\hajjej\Documents\workspace-sts-3.8.4.RELEASE\gestion-location)
2020-03-27 02:56:18.836  INFO 8936 --- [main] t.e.spring.GestionLocationApplication    : No active profile set, falling back to default profiles: default
2020-03-27 02:56:39.105  INFO 8936 --- [main] .s.d.r.c.RepositoryConfigurationDelegate : Bootstrapping Spring Data JPA repositories in DEFAULT mode.
2020-03-27 02:56:39.398  INFO 8936 --- [main] .s.d.r.c.RepositoryConfigurationDelegate : Finished Spring Data repository scanning in 173ms. Found 0 JPA repository interfaces.
2020-03-27 02:56:47.345  INFO 8936 --- [main] o.s.b.w.embedded.tomcat.TomcatWebServer  : Tomcat initialized with port(s): 8081 (http)
2020-03-27 02:56:47.504  INFO 8936 --- [main] o.apache.catalina.core.StandardService   : Starting service [Tomcat]
2020-03-27 02:56:47.506  INFO 8936 --- [main] org.apache.catalina.core.StandardEngine  : Starting Servlet engine: [Apache Tomcat/9.0.31]
2020-03-27 02:56:48.811  INFO 8936 --- [main] o.a.c.c.C.[Tomcat].[localhost].[/]       : Initializing Spring embedded WebApplicationContext
2020-03-27 02:56:48.813  INFO 8936 --- [main] o.s.web.context.ContextLoader            : Root WebApplicationContext: initialization completed in 29433 ms
2020-03-27 02:56:51.011  INFO 8936 --- [main] o.hibernate.jpa.internal.util.LogHelper  : HHH000204: Processing PersistenceUnitInfo [name: default]
2020-03-27 02:56:52.361  INFO 8936 --- [main] org.hibernate.Version                    : HHH000412: Hibernate ORM core version 5.4.12.Final
2020-03-27 02:56:55.250  INFO 8936 --- [main] o.hibernate.annotations.common.Version   : HCANN000001: Hibernate Commons Annotations {5.1.0.Final}
2020-03-27 02:56:56.223  INFO 8936 --- [main] com.zaxxer.hikari.HikariDataSource       : HikariPool-1 - Starting...
2020-03-27 02:56:57.611  INFO 8936 --- [main] com.zaxxer.hikari.HikariDataSource       : HikariPool-1 - Start completed.
2020-03-27 02:56:57.800  INFO 8936 --- [main] org.hibernate.dialect.Dialect            : HHH000400: Using dialect: org.hibernate.dialect.MySQL5InnoDBDialect
2020-03-27 02:57:12.855  INFO 8936 --- [main] o.h.e.t.j.p.i.JtaPlatformInitiator       : HHH000490: Using JtaPlatform implementation: [org.hibernate.engine.transaction.jta.platform.internal.NoJtaPlatform]
2020-03-27 02:57:12.933  INFO 8936 --- [main] j.LocalContainerEntityManagerFactoryBean : Initialized JPA EntityManagerFactory for persistence unit 'default'
2020-03-27 02:57:15.065  INFO 8936 --- [main] o.s.s.concurrent.ThreadPoolTaskExecutor  : Initializing ExecutorService 'applicationTaskExecutor'
2020-03-27 02:57:16.307  WARN 8936 --- [main] ion$DefaultTemplateResolverConfiguration : Cannot find template location: classpath:/templates/ (please add some templates or check your Thymeleaf configuration)
2020-03-27 02:57:17.743  INFO 8936 --- [main] o.apache.catalina.core.StandardService   : Stopping service [Tomcat]
2020-03-27 02:57:17.995  INFO 8936 --- [main] ConditionEvaluationReportLoggingListener : 

Error starting ApplicationContext. To display the conditions report re-run your application with 'debug' enabled.
2020-03-27 02:57:18.010 ERROR 8936 --- [main] o.s.b.d.LoggingFailureAnalysisReporter   : 

***************************
APPLICATION FAILED TO START
***************************

Description:

Web server failed to start. Port 8081 was already in use.

Action:

Identify and stop the process that's listening on port 8081 or configure this application to listen on another port.

2020-03-27 02:57:18.046  INFO 8936 --- [main] o.s.s.concurrent.ThreadPoolTaskExecutor  : Shutting down ExecutorService 'applicationTaskExecutor'
2020-03-27 02:57:18.049  INFO 8936 --- [main] j.LocalContainerEntityManagerFactoryBean : Closing JPA EntityManagerFactory for persistence unit 'default'
2020-03-27 02:57:18.082  INFO 8936 --- [main] com.zaxxer.hikari.HikariDataSource       : HikariPool-1 - Shutdown initiated...
2020-03-27 02:57:18.506  INFO 8936 --- [main] com.zaxxer.hikari.HikariDataSource       : HikariPool-1 - Shutdown completed.
2020-03-27 03:21:35.692  INFO 5396 --- [RMI TCP Connection(3)-127.0.0.1] inMXBeanRegistrar$SpringApplicationAdmin : Application shutdown requested.
2020-03-27 03:21:39.291  INFO 5396 --- [RMI TCP Connection(3)-127.0.0.1] o.s.s.concurrent.ThreadPoolTaskExecutor  : Shutting down ExecutorService 'applicationTaskExecutor'
2020-03-27 03:21:39.396  INFO 5396 --- [RMI TCP Connection(3)-127.0.0.1] j.LocalContainerEntityManagerFactoryBean : Closing JPA EntityManagerFactory for persistence unit 'default'
2020-03-27 03:21:39.829  INFO 5396 --- [RMI TCP Connection(3)-127.0.0.1] com.zaxxer.hikari.HikariDataSource       : HikariPool-1 - Shutdown initiated...
2020-03-27 03:21:40.188  INFO 5396 --- [RMI TCP Connection(3)-127.0.0.1] com.zaxxer.hikari.HikariDataSource       : HikariPool-1 - Shutdown completed.
